Namespace(HU_lower_threshold=-100, HU_upper_threshold=300, MultiStepLR=None, batch_size=1, crop_image_one_time=True, data_path='/home/zjm/Data/HaN_OAR_raw/four_organ/', epochs=1000, eval=False, flooding=0.01, gpu=0, learning_rate=0.0001, load_all_image=True, loss='dice', model_name='UNet', num_organ=4, num_workers=1, output_dir='/home/zjm/Project/segmentation/BLSC_2D/outputs/', pin_memory=False, repeat_times='_newDiceFlood0.05', resolution=[512, 512], resume_model='', resume_training=False, show_test_loss=True, slice_expand=4, slice_size=128, test=False, test_file_dir='/home/zjm/Data/HaN_OAR_raw/chiasm_pituitary/subset5/', test_latest=False, test_model_path=None, train=True, val_subset='subset5')
**********Loading all images and labels**********
**********Loading end**********
learning rate: 0.0001
0.92377644109801 0.9162633511165755
mean_loss =  0.6166567356245858
min_loss =  0.6166567356245858
epoch:1, time:0.336 min
************************

learning rate: 0.0001
0.9326026348030836 0.9228506613194437
mean_loss =  0.5377825398123666
min_loss =  0.5377825398123666
epoch:2, time:0.335 min
************************

learning rate: 0.0001
0.9157425278857877 0.9433629768597314
mean_loss =  0.5171605495924361
min_loss =  0.5171605495924361
epoch:3, time:0.317 min
************************

learning rate: 0.0001
0.8778723239293325 0.8640977575938397
mean_loss =  0.43287191235206346
min_loss =  0.43287191235206346
epoch:4, time:0.335 min
************************

learning rate: 0.0001
0.7595321816374939 0.7319911848671119
mean_loss =  0.34907530424958566
min_loss =  0.34907530424958566
epoch:5, time:0.338 min
************************

learning rate: 0.0001
0.6827173766674575 0.6553500213233782
mean_loss =  0.2792834080337139
min_loss =  0.2792834080337139
epoch:6, time:0.347 min
************************

learning rate: 0.0001
0.6409241290719602 0.6012304635802084
mean_loss =  0.2330213918004717
min_loss =  0.2330213918004717
epoch:7, time:0.335 min
************************

learning rate: 0.0001
0.6426306422771162 0.6082372962315244
mean_loss =  0.20925652880347176
min_loss =  0.20925652880347176
epoch:8, time:0.349 min
************************

learning rate: 0.0001
0.5884797340176838 0.5651680992888566
mean_loss =  0.19646918194634574
min_loss =  0.19646918194634574
epoch:9, time:0.349 min
************************

learning rate: 0.0001
0.5599700555524851 0.5423930645558364
mean_loss =  0.18990727254513945
min_loss =  0.18990727254513945
2021.08.20 12:03:34
epoch:10, time:0.344 min
************************

learning rate: 0.0001
0.6394662341105959 0.6127191971115075
mean_loss =  0.19020196576576448
min_loss =  0.18990727254513945
epoch:11, time:0.351 min
************************

learning rate: 0.0001
0.5701041667933007 0.5508618667631275
mean_loss =  0.1840150427411903
min_loss =  0.1840150427411903
epoch:12, time:0.332 min
************************

learning rate: 0.0001
0.5656925093050714 0.5424368852291181
mean_loss =  0.1858448897089277
min_loss =  0.1840150427411903
epoch:13, time:0.349 min
************************

learning rate: 0.0001
0.5946118012493901 0.5508074397163375
mean_loss =  0.1685682366796806
min_loss =  0.1685682366796806
epoch:14, time:0.356 min
************************

learning rate: 0.0001
0.5755606129454709 0.5530117971985817
mean_loss =  0.18540492318989185
min_loss =  0.1685682366796806
epoch:15, time:0.346 min
************************

learning rate: 0.0001
0.5183339450920037 0.4963243950948152
mean_loss =  0.16926450756463138
min_loss =  0.1685682366796806
epoch:16, time:0.344 min
************************

learning rate: 0.0001
0.5998733080495272 0.5793623837232744
mean_loss =  0.17231024469648087
min_loss =  0.1685682366796806
epoch:17, time:0.342 min
************************

learning rate: 0.0001
0.557503873120865 0.5268279732959448
mean_loss =  0.1651245369229998
min_loss =  0.1651245369229998
epoch:18, time:0.333 min
************************

learning rate: 0.0001
0.5203799058550567 0.5024376036409226
mean_loss =  0.16513402717935163
min_loss =  0.1651245369229998
epoch:19, time:0.342 min
************************

learning rate: 0.0001
0.5174549469425764 0.5069837026082862
mean_loss =  0.1665018951825503
min_loss =  0.1651245369229998
2021.08.20 12:07:00
epoch:20, time:0.344 min
************************

learning rate: 0.0001
0.566172073751403 0.5389822875357362
mean_loss =  0.1667301979931918
min_loss =  0.1651245369229998
epoch:21, time:0.331 min
************************

learning rate: 0.0001
0.5601636044484395 0.5366092210447058
mean_loss =  0.15622438090188162
min_loss =  0.15622438090188162
epoch:22, time:0.345 min
************************

learning rate: 0.0001
0.5720934092096738 0.5591801796969584
mean_loss =  0.15791526939092057
min_loss =  0.15622438090188162
epoch:23, time:0.353 min
************************

learning rate: 0.0001
0.5676243315712801 0.5389631811250062
mean_loss =  0.15836991866429648
min_loss =  0.15622438090188162
epoch:24, time:0.349 min
************************

learning rate: 0.0001
0.5311346076186193 0.5130546065383208
mean_loss =  0.1550062724043814
min_loss =  0.1550062724043814
epoch:25, time:0.349 min
************************

learning rate: 0.0001
0.5381659763152096 0.5160286483521226
mean_loss =  0.15487611695621792
min_loss =  0.15487611695621792
epoch:26, time:0.336 min
************************

learning rate: 0.0001
0.5317983868639015 0.5094887661112556
mean_loss =  0.15069256648005053
min_loss =  0.15069256648005053
epoch:27, time:0.346 min
************************

learning rate: 0.0001
0.5090725451147513 0.5003161599865648
mean_loss =  0.15117689384811225
min_loss =  0.15069256648005053
epoch:28, time:0.345 min
************************

learning rate: 0.0001
0.5152844414341913 0.4961183476730766
mean_loss =  0.1515933031385595
min_loss =  0.15069256648005053
epoch:29, time:0.345 min
************************

learning rate: 0.0001
0.5544407317945418 0.5289714801121483
mean_loss =  0.1471085250377655
min_loss =  0.1471085250377655
2021.08.20 12:10:26
epoch:30, time:0.334 min
************************

learning rate: 0.0001
0.5420384580305901 0.5184638136081878
mean_loss =  0.15032849237743745
min_loss =  0.1471085250377655
epoch:31, time:0.341 min
************************

learning rate: 0.0001
0.5702133553489126 0.537893110633824
mean_loss =  0.14490402361442303
min_loss =  0.14490402361442303
epoch:32, time:0.341 min
************************

learning rate: 0.0001
0.5452470387657552 0.5302051495749613
mean_loss =  0.14843364204679216
min_loss =  0.14490402361442303
epoch:33, time:0.341 min
************************

learning rate: 0.0001
0.5572558102186894 0.5260300687640698
mean_loss =  0.1517770528793335
min_loss =  0.14490402361442303
epoch:34, time:0.341 min
************************

learning rate: 0.0001
0.5203244565343468 0.5036314385365819
mean_loss =  0.13753357631239024
min_loss =  0.13753357631239024
epoch:35, time:0.331 min
************************

learning rate: 0.0001
0.5129456989323636 0.49770930036230243
mean_loss =  0.14187337057931082
min_loss =  0.13753357631239024
epoch:36, time:0.353 min
************************

learning rate: 0.0001
0.5167972673841874 0.505639624555592
mean_loss =  0.14076302911747585
min_loss =  0.13753357631239024
epoch:37, time:0.350 min
************************

learning rate: 0.0001
0.5384620344242941 0.5206995855794337
mean_loss =  0.1401565173132853
min_loss =  0.13753357631239024
epoch:38, time:0.332 min
************************

learning rate: 0.0001
0.5103944525480053 0.49788493692081837
mean_loss =  0.14778017595912632
min_loss =  0.13753357631239024
epoch:39, time:0.350 min
************************

learning rate: 0.0001
0.5644357402675 0.5377664674230938
mean_loss =  0.13578001803226686
min_loss =  0.13578001803226686
2021.08.20 12:13:52
epoch:40, time:0.347 min
************************

learning rate: 0.0001
0.541084397199792 0.516434480224444
mean_loss =  0.12942349328391853
min_loss =  0.12942349328391853
epoch:41, time:0.341 min
************************

learning rate: 0.0001
0.511279561141939 0.48911365879194035
mean_loss =  0.13507454165003516
min_loss =  0.12942349328391853
epoch:42, time:0.341 min
************************

learning rate: 0.0001
0.5197086840328771 0.5006653653057109
mean_loss =  0.13115280121564865
min_loss =  0.12942349328391853
epoch:43, time:0.346 min
************************

learning rate: 0.0001
0.5579495880681244 0.5173823580124972
mean_loss =  0.13461388545957478
min_loss =  0.12942349328391853
epoch:44, time:0.340 min
************************

learning rate: 0.0001
0.5198610276086326 0.5074683608631722
mean_loss =  0.12771442566405644
min_loss =  0.12771442566405644
epoch:45, time:0.330 min
************************

learning rate: 0.0001
0.538456467726036 0.5215909515830923
mean_loss =  0.12826197018677538
min_loss =  0.12771442566405644
epoch:46, time:0.331 min
************************

learning rate: 0.0001
0.5252390234506584 0.5127566979286207
mean_loss =  0.1289628917278524
min_loss =  0.12771442566405644
epoch:47, time:0.343 min
************************

learning rate: 0.0001
0.5091887516296997 0.49405215198714936
mean_loss =  0.11991442226420689
min_loss =  0.11991442226420689
epoch:48, time:0.348 min
************************

learning rate: 0.0001
0.5314959878245941 0.5103327162046287
mean_loss =  0.1219761509679805
min_loss =  0.11991442226420689
epoch:49, time:0.334 min
************************

learning rate: 0.0001
0.5286838115434909 0.5113742549980047
mean_loss =  0.12413726957504359
min_loss =  0.11991442226420689
2021.08.20 12:17:16
epoch:50, time:0.351 min
************************

learning rate: 0.0001
0.49340261818208186 0.4832549868581104
mean_loss =  0.12209871325189668
min_loss =  0.11991442226420689
epoch:51, time:0.351 min
************************

learning rate: 0.0001
0.5860410372266616 0.5537609445881794
mean_loss =  0.1256076083941893
min_loss =  0.11991442226420689
epoch:52, time:0.350 min
************************

learning rate: 0.0001
0.5171052847063992 0.4932768880257924
mean_loss =  0.1273961567878723
min_loss =  0.11991442226420689
epoch:53, time:0.357 min
************************

learning rate: 0.0001
0.5172198722386666 0.5005231029158993
mean_loss =  0.12161348116668788
min_loss =  0.11991442226420689
epoch:54, time:0.336 min
************************

learning rate: 0.0001
0.522465409824555 0.4958255948976861
mean_loss =  0.12223347800118582
min_loss =  0.11991442226420689
epoch:55, time:0.336 min
************************

learning rate: 0.0001
0.5117064993535957 0.49468785492061573
mean_loss =  0.11879830407557515
min_loss =  0.11879830407557515
epoch:56, time:0.342 min
************************

learning rate: 0.0001
0.566896101295101 0.5374001422770861
mean_loss =  0.11846110679335513
min_loss =  0.11846110679335513
epoch:57, time:0.344 min
************************

learning rate: 0.0001
0.529951336393721 0.5061843377733646
mean_loss =  0.11775259154183523
min_loss =  0.11775259154183523
epoch:58, time:0.329 min
************************

learning rate: 0.0001
0.5164715593059005 0.4873782290529225
mean_loss =  0.10645555182435047
min_loss =  0.10645555182435047
epoch:59, time:0.342 min
************************

learning rate: 0.0001
0.5071973547613009 0.4940800749161186
mean_loss =  0.11191699992526662
min_loss =  0.10645555182435047
2021.08.20 12:20:42
epoch:60, time:0.349 min
************************

learning rate: 0.0001
0.54120047775294 0.5198686453369483
mean_loss =  0.11321121892013118
min_loss =  0.10645555182435047
epoch:61, time:0.342 min
************************

learning rate: 0.0001
0.5587771099676121 0.5305383618159403
mean_loss =  0.11292690306567074
min_loss =  0.10645555182435047
epoch:62, time:0.349 min
************************

learning rate: 0.0001
0.5227920643546086 0.5028564173054355
mean_loss =  0.10632101694742839
min_loss =  0.10632101694742839
epoch:63, time:0.328 min
************************

learning rate: 0.0001
0.4989880428772868 0.48384601822812434
mean_loss =  0.10781305590591862
min_loss =  0.10632101694742839
epoch:64, time:0.318 min
************************

learning rate: 0.0001
0.5169293855011861 0.5003913461289496
mean_loss =  0.10488719730214639
min_loss =  0.10488719730214639
epoch:65, time:0.342 min
************************

learning rate: 0.0001
0.5461344677892737 0.5329305565379371
mean_loss =  0.10712052822113037
min_loss =  0.10488719730214639
epoch:66, time:0.351 min
************************

learning rate: 0.0001
0.5150798281950255 0.5068659020039631
mean_loss =  0.10346700632294943
min_loss =  0.10346700632294943
epoch:67, time:0.350 min
************************

learning rate: 0.0001
0.5105387442413944 0.4968842237758868
mean_loss =  0.10443137755448167
min_loss =  0.10346700632294943
epoch:68, time:0.336 min
************************

learning rate: 0.0001
0.556879213228859 0.5318700207212536
mean_loss =  0.10597546441214425
min_loss =  0.10346700632294943
epoch:69, time:0.343 min
************************

learning rate: 0.0001
0.4855235656476675 0.47279165262426215
mean_loss =  0.10119972390643621
min_loss =  0.10119972390643621
2021.08.20 12:24:07
epoch:70, time:0.353 min
************************

learning rate: 0.0001
0.5183190465600076 0.49870759951530075
mean_loss =  0.10740446337198807
min_loss =  0.10119972390643621
epoch:71, time:0.345 min
************************

learning rate: 0.0001
0.48639347042128356 0.4781591449884678
mean_loss =  0.09662603860521048
min_loss =  0.09662603860521048
epoch:72, time:0.337 min
************************

learning rate: 0.0001
0.4891342841423897 0.4811227747497486
mean_loss =  0.10075166063793635
min_loss =  0.09662603860521048
epoch:73, time:0.358 min
************************

learning rate: 0.0001
0.5246558463651942 0.4954255762407491
mean_loss =  0.09674208882180127
min_loss =  0.09662603860521048
epoch:74, time:0.349 min
************************

learning rate: 0.0001
0.5318426060500439 0.5126748057622896
mean_loss =  0.09704967532839094
min_loss =  0.09662603860521048
epoch:75, time:0.348 min
************************

learning rate: 0.0001
0.4998543626103099 0.4864615839953762
mean_loss =  0.0961521761170749
min_loss =  0.0961521761170749
epoch:76, time:0.350 min
************************

learning rate: 0.0001
0.529628812993503 0.5125676882729351
mean_loss =  0.09935354715013235
min_loss =  0.0961521761170749
epoch:77, time:0.332 min
************************

learning rate: 0.0001
0.5340281794174885 0.5152903780921987
mean_loss =  0.09367759341604254
min_loss =  0.09367759341604254
epoch:78, time:0.346 min
************************

learning rate: 0.0001
0.5328400603132553 0.5147009900396886
mean_loss =  0.09096718238571942
min_loss =  0.09096718238571942
epoch:79, time:0.337 min
************************

learning rate: 0.0001
0.5187143940648782 0.5089496509158427
mean_loss =  0.0939398515695906
min_loss =  0.09096718238571942
2021.08.20 12:27:34
epoch:80, time:0.355 min
************************

learning rate: 0.0001
0.5099474093567631 0.4948054293542873
mean_loss =  0.09206477623412063
min_loss =  0.09096718238571942
epoch:81, time:0.337 min
************************

learning rate: 0.0001
0.5228102037451879 0.5105657095968592
mean_loss =  0.08882904628461058
min_loss =  0.08882904628461058
epoch:82, time:0.340 min
************************

learning rate: 0.0001
0.5186682854866107 0.5067805800038585
mean_loss =  0.09359125420451164
min_loss =  0.08882904628461058
epoch:83, time:0.344 min
************************

learning rate: 0.0001
0.4952385387697812 0.4782627450517719
mean_loss =  0.09010449818202428
min_loss =  0.08882904628461058
epoch:84, time:0.348 min
************************

learning rate: 0.0001
0.5071971964075289 0.4914880547384495
mean_loss =  0.08668882873925296
min_loss =  0.08668882873925296
epoch:85, time:0.345 min
************************

learning rate: 0.0001
0.49997896499569094 0.4927909380661719
mean_loss =  0.08687493442134424
min_loss =  0.08668882873925296
epoch:86, time:0.335 min
************************

learning rate: 0.0001
0.5071621170741447 0.499316997402905
mean_loss =  0.08270821812447537
min_loss =  0.08270821812447537
epoch:87, time:0.350 min
************************

learning rate: 0.0001
0.5364646208003045 0.512658022548909
mean_loss =  0.08408040448097186
min_loss =  0.08270821812447537
epoch:88, time:0.344 min
************************

learning rate: 0.0001
0.5191220630377165 0.5052103796259926
mean_loss =  0.08689091157639163
min_loss =  0.08270821812447537
epoch:89, time:0.347 min
************************

learning rate: 0.0001
0.5057734565521753 0.49578834854305387
mean_loss =  0.0823304976447154
min_loss =  0.0823304976447154
2021.08.20 12:31:01
epoch:90, time:0.351 min
************************

learning rate: 0.0001
0.5270920627508052 0.5096006773087564
mean_loss =  0.08174876360730692
min_loss =  0.08174876360730692
epoch:91, time:0.343 min
************************

learning rate: 0.0001
0.5156568329227288 0.5021659992154164
mean_loss =  0.091021823681007
min_loss =  0.08174876360730692
epoch:92, time:0.345 min
************************

learning rate: 0.0001
0.5310468523636531 0.5135564903405482
mean_loss =  0.0801880321968561
min_loss =  0.0801880321968561
epoch:93, time:0.344 min
************************

learning rate: 0.0001
0.50933744894187 0.4969458862734992
mean_loss =  0.08065304092385552
min_loss =  0.0801880321968561
epoch:94, time:0.343 min
************************

learning rate: 0.0001
0.5371532988118378 0.5214245310912172
mean_loss =  0.08004849610355615
min_loss =  0.08004849610355615
epoch:95, time:0.333 min
************************

learning rate: 0.0001
0.51302475304699 0.4988177508046465
mean_loss =  0.0784331580570766
min_loss =  0.0784331580570766
epoch:96, time:0.345 min
************************

learning rate: 0.0001
0.521866078405156 0.5116908029427918
mean_loss =  0.07708451000310607
min_loss =  0.07708451000310607
epoch:97, time:0.357 min
************************

learning rate: 0.0001
0.5058394983201223 0.501770810564895
mean_loss =  0.08374999212415031
min_loss =  0.07708451000310607
epoch:98, time:0.353 min
************************

learning rate: 0.0001
0.5189347110688777 0.5070220985716958
mean_loss =  0.07582780007611621
min_loss =  0.07582780007611621
epoch:99, time:0.353 min
************************

learning rate: 0.0001
0.5235050168738292 0.5140432500939245
mean_loss =  0.07661651108752597
min_loss =  0.07582780007611621
2021.08.20 12:34:28
epoch:100, time:0.335 min
************************

learning rate: 0.0001
0.5400054496035693 0.5253893239972058
mean_loss =  0.0733002828339399
min_loss =  0.0733002828339399
epoch:101, time:0.339 min
************************

learning rate: 0.0001
0.5490738450332389 0.5202229724819499
mean_loss =  0.07475963396962079
min_loss =  0.0733002828339399
epoch:102, time:0.343 min
************************

learning rate: 0.0001
0.5253065992481247 0.5110679723235032
mean_loss =  0.07774886622857512
min_loss =  0.0733002828339399
epoch:103, time:0.344 min
************************

learning rate: 0.0001
0.5234402298219997 0.5082325607992588
mean_loss =  0.07129143476486206
min_loss =  0.07129143476486206
epoch:104, time:0.339 min
************************

learning rate: 0.0001
0.5129415871531169 0.5041191774260512
mean_loss =  0.07192396992732855
min_loss =  0.07129143476486206
epoch:105, time:0.347 min
************************

learning rate: 0.0001
0.4958900668588647 0.4874111285655146
mean_loss =  0.06993430512292044
min_loss =  0.06993430512292044
epoch:106, time:0.343 min
************************

learning rate: 0.0001
0.5022871499877052 0.4898715791906467
mean_loss =  0.07077176144669176
min_loss =  0.06993430512292044
epoch:107, time:0.349 min
************************

learning rate: 0.0001
0.5436538383013184 0.5273631920792667
mean_loss =  0.07425634369338299
min_loss =  0.06993430512292044
epoch:108, time:0.341 min
************************

learning rate: 0.0001
0.5211013331500273 0.5103309768152802
mean_loss =  0.07263181337528983
min_loss =  0.06993430512292044
epoch:109, time:0.314 min
************************

learning rate: 0.0001
0.5418936764854826 0.524105467388549
mean_loss =  0.0711912482299588
min_loss =  0.06993430512292044
2021.08.20 12:37:53
epoch:110, time:0.363 min
************************

learning rate: 0.0001
0.5509367105254466 0.5382479338376134
mean_loss =  0.07220478987289687
min_loss =  0.06993430512292044
epoch:111, time:0.355 min
************************

learning rate: 0.0001
0.5231115248807563 0.5160395823819892
mean_loss =  0.06630876186219128
min_loss =  0.06630876186219128
epoch:112, time:0.360 min
************************

learning rate: 0.0001
0.5234401321442094 0.5139947118974955
mean_loss =  0.0654693530516678
min_loss =  0.0654693530516678
epoch:113, time:0.376 min
************************

learning rate: 0.0001
0.5097390806097064 0.5085476209543929
mean_loss =  0.06588971919634125
min_loss =  0.0654693530516678
epoch:114, time:0.375 min
************************

learning rate: 0.0001
0.5137122656348632 0.5002148672288791
mean_loss =  0.06855723444975954
min_loss =  0.0654693530516678
epoch:115, time:0.380 min
************************

learning rate: 0.0001
0.5033330502265678 0.496427410491044
mean_loss =  0.06570111790841277
min_loss =  0.0654693530516678
epoch:116, time:0.377 min
************************

learning rate: 0.0001
0.5381365108343485 0.5272839683484318
mean_loss =  0.06728284012547321
min_loss =  0.0654693530516678
epoch:117, time:0.379 min
************************

learning rate: 0.0001
0.5005369766991472 0.4939485591627446
mean_loss =  0.06558066739116684
min_loss =  0.0654693530516678
epoch:118, time:0.378 min
************************

learning rate: 0.0001
0.519902071895161 0.5112818647274314
mean_loss =  0.06077031759279115
min_loss =  0.06077031759279115
epoch:119, time:0.375 min
************************

learning rate: 0.0001
0.5158869736863616 0.5042700098400618
mean_loss =  0.06645215539769693
min_loss =  0.06077031759279115
2021.08.20 12:41:35
epoch:120, time:0.346 min
************************

learning rate: 0.0001
0.5134575394528611 0.5051809917618353
mean_loss =  0.06476209368024553
min_loss =  0.06077031759279115
epoch:121, time:0.375 min
************************

learning rate: 0.0001
0.5357913450483122 0.5186622717296919
mean_loss =  0.061030735230345405
min_loss =  0.06077031759279115
epoch:122, time:0.385 min
************************

learning rate: 0.0001
0.523254617674792 0.5101948684900071
mean_loss =  0.0631521257682372
min_loss =  0.06077031759279115
epoch:123, time:0.382 min
************************

learning rate: 0.0001
0.5148960627514578 0.5042112764438613
mean_loss =  0.06017821215778247
min_loss =  0.06017821215778247
epoch:124, time:0.379 min
************************

learning rate: 0.0001
0.5228755613347572 0.51150626800477
mean_loss =  0.060442447766996504
min_loss =  0.06017821215778247
epoch:125, time:0.371 min
************************

learning rate: 0.0001
0.5252366152436925 0.5154711975946228
mean_loss =  0.05892093134465191
min_loss =  0.05892093134465191
epoch:126, time:0.378 min
************************

learning rate: 0.0001
0.5022778634816004 0.4943240458512519
mean_loss =  0.06301462163471362
min_loss =  0.05892093134465191
epoch:127, time:0.374 min
************************

learning rate: 0.0001
0.5155263209274761 0.49618034808565137
mean_loss =  0.06135064016064901
min_loss =  0.05892093134465191
epoch:128, time:0.368 min
************************

learning rate: 0.0001
0.5332654052511617 0.5209955147705003
mean_loss =  0.056853746837478576
min_loss =  0.056853746837478576
epoch:129, time:0.379 min
************************

learning rate: 0.0001
0.5213581782407855 0.5118133634294495
mean_loss =  0.059516593666568314
min_loss =  0.056853746837478576
2021.08.20 12:45:20
epoch:130, time:0.362 min
************************

learning rate: 0.0001
0.5232302426527522 0.5132436253723823
mean_loss =  0.06134403965781244
min_loss =  0.056853746837478576
epoch:131, time:0.364 min
************************

learning rate: 0.0001
0.5165269282312949 0.507764534311761
mean_loss =  0.05821012734864535
min_loss =  0.056853746837478576
epoch:132, time:0.362 min
************************

learning rate: 0.0001
0.5023123888168486 0.48964137573536437
mean_loss =  0.05905366503754578
min_loss =  0.056853746837478576
epoch:133, time:0.373 min
************************

learning rate: 0.0001
0.5341031269511691 0.5198887377661241
mean_loss =  0.05992857747654009
min_loss =  0.056853746837478576
epoch:134, time:0.362 min
************************

learning rate: 0.0001
0.5094505092834378 0.49905372722110286
mean_loss =  0.056761658418986755
min_loss =  0.056761658418986755
epoch:135, time:0.373 min
************************

learning rate: 0.0001
0.5260569829030516 0.5168092158974136
mean_loss =  0.05720816067095553
min_loss =  0.056761658418986755
epoch:136, time:0.362 min
************************

learning rate: 0.0001
0.5145314514615259 0.50430600569654
mean_loss =  0.057688038206874986
min_loss =  0.056761658418986755
epoch:137, time:0.368 min
************************

learning rate: 0.0001
0.5143857785985748 0.5018528440199608
mean_loss =  0.05899376028350421
min_loss =  0.056761658418986755
epoch:138, time:0.359 min
************************

learning rate: 0.0001
0.5128859872299216 0.5120443163172976
mean_loss =  0.055114636699972526
min_loss =  0.055114636699972526
epoch:139, time:0.363 min
************************

learning rate: 0.0001
0.5330151436064726 0.519909072717587
mean_loss =  0.05574772787945611
min_loss =  0.055114636699972526
2021.08.20 12:49:00
epoch:140, time:0.380 min
************************

learning rate: 0.0001
0.5344856575013112 0.5161377058834287
mean_loss =  0.055712599749282256
min_loss =  0.055114636699972526
epoch:141, time:0.375 min
************************

learning rate: 0.0001
0.538937862011837 0.5201032950943254
mean_loss =  0.05656565981917083
min_loss =  0.055114636699972526
epoch:142, time:0.375 min
************************

learning rate: 0.0001
0.5158329575805345 0.5065088548796188
mean_loss =  0.054316048387970245
min_loss =  0.054316048387970245
epoch:143, time:0.388 min
************************

learning rate: 0.0001
0.545746854906195 0.5199001612502008
mean_loss =  0.05718546223149381
min_loss =  0.054316048387970245
epoch:144, time:0.363 min
************************

learning rate: 0.0001
0.5171193512744954 0.5031029357779724
mean_loss =  0.053902143388986586
min_loss =  0.053902143388986586
epoch:145, time:0.344 min
************************

learning rate: 0.0001
0.5139456805339884 0.5032283014071725
mean_loss =  0.050940177904043586
min_loss =  0.050940177904043586
epoch:146, time:0.353 min
************************

learning rate: 0.0001
0.5099258528498866 0.49989128335089794
mean_loss =  0.050982936088527955
min_loss =  0.050940177904043586
epoch:147, time:0.371 min
************************

learning rate: 0.0001
0.5168882072837615 0.5048022737914988
mean_loss =  0.04958421525576811
min_loss =  0.04958421525576811
epoch:148, time:0.375 min
************************

learning rate: 0.0001
0.5257686815671995 0.5163116202045648
mean_loss =  0.0502802822111028
min_loss =  0.04958421525576811
epoch:149, time:0.371 min
************************

learning rate: 0.0001
0.4943906125192119 0.4867250685601666
mean_loss =  0.051839923770245856
min_loss =  0.04958421525576811
2021.08.20 12:52:41
epoch:150, time:0.371 min
************************

learning rate: 0.0001
0.49182235458731904 0.48455848714689487
mean_loss =  0.052765250414110426
min_loss =  0.04958421525576811
epoch:151, time:0.332 min
************************

learning rate: 0.0001
0.5128247390724561 0.5004749905921934
mean_loss =  0.05333136132156307
min_loss =  0.04958421525576811
epoch:152, time:0.366 min
************************

learning rate: 0.0001
0.5115095836326042 0.5068540109040525
mean_loss =  0.05131611403789413
min_loss =  0.04958421525576811
epoch:153, time:0.367 min
************************

learning rate: 0.0001
0.5310451273888988 0.5303649453753663
mean_loss =  0.052892431574689466
min_loss =  0.04958421525576811
epoch:154, time:0.369 min
************************

learning rate: 0.0001
0.5001762241936258 0.49193113092834095
mean_loss =  0.05002541857009584
min_loss =  0.04958421525576811
epoch:155, time:0.371 min
************************

learning rate: 0.0001
0.5084722685995589 0.5040001514962335
mean_loss =  0.04768906102589007
min_loss =  0.04768906102589007
epoch:156, time:0.373 min
************************

learning rate: 0.0001
0.5048963295526301 0.49553957792983383
mean_loss =  0.051812690530119644
min_loss =  0.04768906102589007
epoch:157, time:0.369 min
************************

learning rate: 0.0001
0.5131932959842627 0.5073899803620674
mean_loss =  0.05018413163679468
min_loss =  0.04768906102589007
epoch:158, time:0.374 min
************************

learning rate: 0.0001
0.5083004428209705 0.500393201749223
mean_loss =  0.04886200706559149
min_loss =  0.04768906102589007
epoch:159, time:0.369 min
************************

learning rate: 0.0001
0.5214542844618175 0.5149665289347802
mean_loss =  0.04644175989299335
min_loss =  0.04644175989299335
2021.08.20 12:56:21
epoch:160, time:0.368 min
************************

learning rate: 0.0001
0.5101296977560043 0.4982668557131451
mean_loss =  0.046525131995705044
min_loss =  0.04644175989299335
epoch:161, time:0.351 min
************************

learning rate: 0.0001
0.50466666424023 0.4953580351988126
mean_loss =  0.048254364090306416
min_loss =  0.04644175989299335
epoch:162, time:0.351 min
************************

learning rate: 0.0001
0.4943660450247227 0.4828364937880194
mean_loss =  0.0471395037524151
min_loss =  0.04644175989299335
epoch:163, time:0.361 min
************************

learning rate: 0.0001
0.5136549744529523 0.5068907057244305
mean_loss =  0.047627177884739434
min_loss =  0.04644175989299335
epoch:164, time:0.334 min
************************

learning rate: 0.0001
0.5041506311395445 0.49262273717662275
mean_loss =  0.049062496783693184
min_loss =  0.04644175989299335
epoch:165, time:0.363 min
************************

learning rate: 0.0001
0.5035405092428248 0.4922689316004021
mean_loss =  0.04602774015137915
min_loss =  0.04602774015137915
epoch:166, time:0.364 min
************************

learning rate: 0.0001
0.5102085781822527 0.5041657273071322
mean_loss =  0.044961978234140214
min_loss =  0.044961978234140214
epoch:167, time:0.363 min
************************

learning rate: 0.0001
0.5068670080282703 0.49803481687398865
mean_loss =  0.047504282895136966
min_loss =  0.044961978234140214
epoch:168, time:0.361 min
************************

learning rate: 0.0001
0.5012913593749249 0.4927172524454517
mean_loss =  0.04682375511712274
min_loss =  0.044961978234140214
epoch:169, time:0.368 min
************************

learning rate: 0.0001
Traceback (most recent call last):
  File "train.py", line 342, in <module>
    main()
  File "train.py", line 113, in main
    train(net, save_path)
  File "train.py", line 152, in train
    for step, (ct, seg) in enumerate(train_dl):
  File "/home/zjm/anaconda3/lib/python3.8/site-packages/torch/utils/data/dataloader.py", line 517, in __next__
    data = self._next_data()
  File "/home/zjm/anaconda3/lib/python3.8/site-packages/torch/utils/data/dataloader.py", line 1182, in _next_data
    idx, data = self._get_data()
  File "/home/zjm/anaconda3/lib/python3.8/site-packages/torch/utils/data/dataloader.py", line 1148, in _get_data
    success, data = self._try_get_data()
  File "/home/zjm/anaconda3/lib/python3.8/site-packages/torch/utils/data/dataloader.py", line 986, in _try_get_data
    data = self._data_queue.get(timeout=timeout)
  File "/home/zjm/anaconda3/lib/python3.8/multiprocessing/queues.py", line 116, in get
    return _ForkingPickler.loads(res)
  File "/home/zjm/anaconda3/lib/python3.8/site-packages/torch/multiprocessing/reductions.py", line 282, in rebuild_storage_fd
    fd = df.detach()
  File "/home/zjm/anaconda3/lib/python3.8/multiprocessing/resource_sharer.py", line 57, in detach
    with _resource_sharer.get_connection(self._id) as conn:
  File "/home/zjm/anaconda3/lib/python3.8/multiprocessing/resource_sharer.py", line 87, in get_connection
    c = Client(address, authkey=process.current_process().authkey)
  File "/home/zjm/anaconda3/lib/python3.8/multiprocessing/connection.py", line 509, in Client
    deliver_challenge(c, authkey)
  File "/home/zjm/anaconda3/lib/python3.8/multiprocessing/connection.py", line 738, in deliver_challenge
    connection.send_bytes(CHALLENGE + message)
  File "/home/zjm/anaconda3/lib/python3.8/multiprocessing/connection.py", line 200, in send_bytes
    self._send_bytes(m[offset:offset + size])
  File "/home/zjm/anaconda3/lib/python3.8/multiprocessing/connection.py", line 411, in _send_bytes
    self._send(header + buf)
  File "/home/zjm/anaconda3/lib/python3.8/multiprocessing/connection.py", line 368, in _send
    n = write(self._handle, buf)
KeyboardInterrupt
